0 info it worked if it ends with ok
1 verbose cli [ 'node', '/usr/local/bin/npm', 'i', '-g', 'nativescript' ]
2 info using npm@1.4.28
3 info using node@v0.10.33
4 verbose cache add [ 'nativescript', null ]
5 verbose cache add name=undefined spec="nativescript" args=["nativescript",null]
6 verbose parsed url { protocol: null,
6 verbose parsed url   slashes: null,
6 verbose parsed url   auth: null,
6 verbose parsed url   host: null,
6 verbose parsed url   port: null,
6 verbose parsed url   hostname: null,
6 verbose parsed url   hash: null,
6 verbose parsed url   search: null,
6 verbose parsed url   query: null,
6 verbose parsed url   pathname: 'nativescript',
6 verbose parsed url   path: 'nativescript',
6 verbose parsed url   href: 'nativescript' }
7 silly lockFile 1c6355a9-nativescript nativescript
8 verbose lock nativescript /Users/sumitarora/.npm/1c6355a9-nativescript.lock
9 silly lockFile 1c6355a9-nativescript nativescript
10 silly lockFile 1c6355a9-nativescript nativescript
11 verbose addNamed [ 'nativescript', '' ]
12 verbose addNamed [ null, '*' ]
13 silly lockFile 20df2e1d-nativescript nativescript@
14 verbose lock nativescript@ /Users/sumitarora/.npm/20df2e1d-nativescript.lock
15 silly addNameRange { name: 'nativescript', range: '*', hasData: false }
16 verbose request where is /nativescript
17 verbose request registry https://registry.npmjs.org/
18 verbose request id cb4eaa32cba36b5a
19 verbose url raw /nativescript
20 verbose url resolving [ 'https://registry.npmjs.org/', './nativescript' ]
21 verbose url resolved https://registry.npmjs.org/nativescript
22 verbose request where is https://registry.npmjs.org/nativescript
23 info trying registry request attempt 1 at 00:55:04
24 http GET https://registry.npmjs.org/nativescript
25 http 200 https://registry.npmjs.org/nativescript
26 silly registry.get cb [ 200,
26 silly registry.get   { date: 'Fri, 13 Mar 2015 04:55:05 GMT',
26 silly registry.get     server: 'CouchDB/1.5.0 (Erlang OTP/R16B03)',
26 silly registry.get     etag: '"611BK1BK8I19Q448N8X2GVVS7"',
26 silly registry.get     'content-type': 'application/json',
26 silly registry.get     'cache-control': 'max-age=60',
26 silly registry.get     'content-length': '50772',
26 silly registry.get     'accept-ranges': 'bytes',
26 silly registry.get     via: '1.1 varnish',
26 silly registry.get     age: '0',
26 silly registry.get     'x-served-by': 'cache-dfw1831-DFW',
26 silly registry.get     'x-cache': 'MISS',
26 silly registry.get     'x-cache-hits': '0',
26 silly registry.get     'x-timer': 'S1426222505.069346,VS0,VE47',
26 silly registry.get     vary: 'Accept',
26 silly registry.get     'keep-alive': 'timeout=10, max=50',
26 silly registry.get     connection: 'Keep-Alive' } ]
27 silly addNameRange number 2 { name: 'nativescript', range: '*', hasData: true }
28 silly addNameRange versions [ 'nativescript',
28 silly addNameRange   [ '0.2.0-471',
28 silly addNameRange     '0.3.0',
28 silly addNameRange     '0.3.1-18',
28 silly addNameRange     '0.3.1',
28 silly addNameRange     '0.3.2',
28 silly addNameRange     '0.4.0',
28 silly addNameRange     '0.4.2',
28 silly addNameRange     '0.9.0',
28 silly addNameRange     '0.9.1' ] ]
29 verbose addNamed [ 'nativescript', '0.9.1' ]
30 verbose addNamed [ '0.9.1', '0.9.1' ]
31 silly lockFile 94493a20-nativescript-0-9-1 nativescript@0.9.1
32 verbose lock nativescript@0.9.1 /Users/sumitarora/.npm/94493a20-nativescript-0-9-1.lock
33 silly lockFile 2bd80515-ivescript-nativescript-0-9-1-tgz https://registry.npmjs.org/nativescript/-/nativescript-0.9.1.tgz
34 verbose lock https://registry.npmjs.org/nativescript/-/nativescript-0.9.1.tgz /Users/sumitarora/.npm/2bd80515-ivescript-nativescript-0-9-1-tgz.lock
35 verbose addRemoteTarball [ 'https://registry.npmjs.org/nativescript/-/nativescript-0.9.1.tgz',
35 verbose addRemoteTarball   '60b86c184f4053ba5180970c49dfe8c16ae60843' ]
36 info retry fetch attempt 1 at 00:55:05
37 verbose fetch to= /var/folders/5x/3ffjzfh50m168jpvbyswxhkr0000gn/T/npm-75408-1izayFaO/registry.npmjs.org/nativescript/-/nativescript-0.9.1.tgz
38 http GET https://registry.npmjs.org/nativescript/-/nativescript-0.9.1.tgz
39 http 200 https://registry.npmjs.org/nativescript/-/nativescript-0.9.1.tgz
40 silly lockFile 2bd80515-ivescript-nativescript-0-9-1-tgz https://registry.npmjs.org/nativescript/-/nativescript-0.9.1.tgz
41 silly lockFile 2bd80515-ivescript-nativescript-0-9-1-tgz https://registry.npmjs.org/nativescript/-/nativescript-0.9.1.tgz
42 silly lockFile 94493a20-nativescript-0-9-1 nativescript@0.9.1
43 silly lockFile 94493a20-nativescript-0-9-1 nativescript@0.9.1
44 silly lockFile 20df2e1d-nativescript nativescript@
45 silly lockFile 20df2e1d-nativescript nativescript@
46 silly resolved [ { name: 'nativescript',
46 silly resolved     preferGlobal: true,
46 silly resolved     version: '0.9.1',
46 silly resolved     author: { name: 'Telerik', email: 'support@telerik.com' },
46 silly resolved     description: 'Command-line interface for building NativeScript projects',
46 silly resolved     bin:
46 silly resolved      { tns: './bin/nativescript.js',
46 silly resolved        nativescript: './bin/nativescript.js' },
46 silly resolved     main: './lib/nativescript-cli.js',
46 silly resolved     repository:
46 silly resolved      { type: 'git',
46 silly resolved        url: 'https://github.com/NativeScript/nativescript-cli.git' },
46 silly resolved     keywords: [ 'nativescript', 'telerik', 'mobile' ],
46 silly resolved     dependencies:
46 silly resolved      { 'bplist-parser': '0.0.6',
46 silly resolved        bufferpack: '0.0.6',
46 silly resolved        byline: '4.1.1',
46 silly resolved        'cli-table': '0.3.1',
46 silly resolved        colors: '0.6.2',
46 silly resolved        ffi: 'https://github.com/icenium/node-ffi/tarball/master',
46 silly resolved        fibers: 'https://github.com/icenium/node-fibers/tarball/v1.0.5.1',
46 silly resolved        filesize: '2.0.3',
46 silly resolved        gaze: '0.5.1',
46 silly resolved        'iconv-lite': '0.4.4',
46 silly resolved        'ios-sim-portable': '1.0.4',
46 silly resolved        lockfile: '1.0.0',
46 silly resolved        lodash: '3.2.0',
46 silly resolved        log4js: '0.6.9',
46 silly resolved        mkdirp: '0.3.5',
46 silly resolved        'mute-stream': '0.0.4',
46 silly resolved        'node-uuid': '1.4.1',
46 silly resolved        npm: '2.6.1',
46 silly resolved        osenv: '0.1.0',
46 silly resolved        open: '0.0.4',
46 silly resolved        plist: '1.1.0',
46 silly resolved        plistlib: '0.2.1',
46 silly resolved        'progress-stream': '0.5.0',
46 silly resolved        prompt: 'https://github.com/Icenium/prompt/tarball/master',
46 silly resolved        'properties-parser': '0.2.3',
46 silly resolved        ref: 'https://github.com/icenium/ref/tarball/master',
46 silly resolved        'ref-struct': 'https://github.com/telerik/ref-struct/tarball/master',
46 silly resolved        rimraf: '2.2.6',
46 silly resolved        semver: '3.0.1',
46 silly resolved        shelljs: '0.3.0',
46 silly resolved        tabtab: 'https://github.com/Icenium/node-tabtab/tarball/master',
46 silly resolved        temp: '0.8.1',
46 silly resolved        unzip: '0.1.9',
46 silly resolved        xmlhttprequest: 'https://github.com/telerik/node-XMLHttpRequest/tarball/master',
46 silly resolved        yargs: '1.2.2',
46 silly resolved        'node-inspector': '0.7.4',
46 silly resolved        xcode: 'https://github.com/NativeScript/node-xcode/archive/NativeScript-0.9.tar.gz' },
46 silly resolved     analyze: true,
46 silly resolved     devDependencies:
46 silly resolved      { chai: '1.8.x',
46 silly resolved        grunt: '0.4.2',
46 silly resolved        'grunt-contrib-clean': '0.5.0',
46 silly resolved        'grunt-contrib-copy': '0.5.0',
46 silly resolved        'grunt-contrib-watch': '0.5.3',
46 silly resolved        'grunt-shell': '0.6.4',
46 silly resolved        'grunt-ts': '2.0.1',
46 silly resolved        mocha: '1.21.4',
46 silly resolved        'mocha-fibers': 'https://github.com/Icenium/mocha-fibers/tarball/master',
46 silly resolved        should: '4.0.4',
46 silly resolved        typescript: '1.4.1' },
46 silly resolved     license: 'Apache-2.0',
46 silly resolved     engines: { node: '>=0.10.26 <0.10.34 || >=0.10.35' },
46 silly resolved     scripts:
46 silly resolved      { test: '_mocha --ui mocha-fibers --recursive --reporter spec --require test/test-bootstrap.js --timeout 15000 test/',
46 silly resolved        postinstall: 'node postinstall.js' },
46 silly resolved     bugs: { url: 'https://github.com/NativeScript/nativescript-cli/issues' },
46 silly resolved     homepage: 'https://github.com/NativeScript/nativescript-cli',
46 silly resolved     _id: 'nativescript@0.9.1',
46 silly resolved     _shasum: '60b86c184f4053ba5180970c49dfe8c16ae60843',
46 silly resolved     _resolved: 'https://registry.npmjs.org/nativescript/-/nativescript-0.9.1.tgz',
46 silly resolved     _from: 'nativescript@',
46 silly resolved     _npmVersion: '1.4.28',
46 silly resolved     _npmUser: { name: 'erjangavalji', email: 'erjan.gavalji@gmail.com' },
46 silly resolved     maintainers: [ [Object], [Object], [Object], [Object], [Object], [Object] ],
46 silly resolved     dist:
46 silly resolved      { shasum: '60b86c184f4053ba5180970c49dfe8c16ae60843',
46 silly resolved        tarball: 'http://registry.npmjs.org/nativescript/-/nativescript-0.9.1.tgz' },
46 silly resolved     directories: {} } ]
47 info install nativescript@0.9.1 into /usr/local/lib
48 info installOne nativescript@0.9.1
49 verbose lib/node_modules/nativescript unbuild
50 verbose tar unpack /Users/sumitarora/.npm/nativescript/0.9.1/package.tgz
51 silly lockFile 533f5712-al-lib-node-modules-nativescript tar:///usr/local/lib/node_modules/nativescript
52 verbose lock tar:///usr/local/lib/node_modules/nativescript /Users/sumitarora/.npm/533f5712-al-lib-node-modules-nativescript.lock
53 silly lockFile 57810d19-m-nativescript-0-9-1-package-tgz tar:///Users/sumitarora/.npm/nativescript/0.9.1/package.tgz
54 verbose lock tar:///Users/sumitarora/.npm/nativescript/0.9.1/package.tgz /Users/sumitarora/.npm/57810d19-m-nativescript-0-9-1-package-tgz.lock
55 silly gunzTarPerm modes [ '755', '644' ]
56 error Error: EACCES, mkdir '/usr/local/lib/node_modules/nativescript'
56 error  { [Error: EACCES, mkdir '/usr/local/lib/node_modules/nativescript']
56 error   errno: 3,
56 error   code: 'EACCES',
56 error   path: '/usr/local/lib/node_modules/nativescript',
56 error   fstream_type: 'Directory',
56 error   fstream_path: '/usr/local/lib/node_modules/nativescript',
56 error   fstream_class: 'DirWriter',
56 error   fstream_stack:
56 error    [ '/usr/local/lib/node_modules/npm/node_modules/fstream/lib/dir-writer.js:36:23',
56 error      '/usr/local/lib/node_modules/npm/node_modules/mkdirp/index.js:46:53',
56 error      'Object.oncomplete (fs.js:107:15)' ] }
57 error Please try running this command again as root/Administrator.
58 error System Darwin 14.1.0
59 error command "node" "/usr/local/bin/npm" "i" "-g" "nativescript"
60 error cwd /Users/sumitarora/workspace/rangle/cordova-auto-update/cordova-auto-reload
61 error node -v v0.10.33
62 error npm -v 1.4.28
63 error path /usr/local/lib/node_modules/nativescript
64 error fstream_path /usr/local/lib/node_modules/nativescript
65 error fstream_type Directory
66 error fstream_class DirWriter
67 error code EACCES
68 error errno 3
69 error stack Error: EACCES, mkdir '/usr/local/lib/node_modules/nativescript'
70 error fstream_stack /usr/local/lib/node_modules/npm/node_modules/fstream/lib/dir-writer.js:36:23
70 error fstream_stack /usr/local/lib/node_modules/npm/node_modules/mkdirp/index.js:46:53
70 error fstream_stack Object.oncomplete (fs.js:107:15)
71 verbose exit [ 3, true ]
